CCS PCM C Compiler, Version 4.104, 5967               29-nov-17 16:18

               Filename: C:\Users\Estudo\Desktop\6 Periodo\Microcontroladores\Part 2\Exercicio C2\Ex20\Ex20.lst

               ROM used: 61 words (1%)
                         Largest free fragment is 2048
               RAM used: 8 (2%) at main() level
                         8 (2%) worst case
               Stack:    0 locations

*
0000:  MOVLW  00
0001:  MOVWF  0A
0002:  GOTO   004
0003:  NOP
.................... #include <16f877a.h> 
.................... //////// Standard Header file for the PIC16F877A device //////////////// 
.................... #device PIC16F877A 
.................... #list 
....................  
.................... #use delay(crystal = 4MHz) 
.................... #fuses xt, nowdt 
....................  
.................... #byte  portc=0x07 
.................... #byte  portd=0x08 
....................  
.................... #bit botao=portc.0 
.................... #bit s1=portc.1 
.................... #bit s2=portc.2 
....................  
.................... #bit esteira=portd.0 
.................... #bit r=portd.1 
.................... main(){ 
*
0004:  CLRF   04
0005:  BCF    03.7
0006:  MOVLW  1F
0007:  ANDWF  03,F
0008:  BSF    03.5
0009:  BSF    1F.0
000A:  BSF    1F.1
000B:  BSF    1F.2
000C:  BCF    1F.3
000D:  MOVLW  07
000E:  MOVWF  1C
*
0012:  CLRF   21
.................... 	int8 estado=0; 
.................... 	botao=0;esteira=0;r=0; 
0013:  BCF    07.0
0014:  BCF    08.0
0015:  BCF    08.1
.................... 	set_tris_c(0b00000111); 
0016:  MOVLW  07
0017:  BSF    03.5
0018:  MOVWF  07
0019:  BCF    03.5
001A:  MOVWF  20
.................... 	set_tris_d(0b11111100); 
001B:  MOVLW  FC
001C:  BSF    03.5
001D:  MOVWF  08
.................... 	while(1){ 
.................... 		switch(estado){ 
001E:  BCF    03.5
001F:  MOVF   21,W
0020:  BTFSC  03.2
0021:  GOTO   029
0022:  XORLW  01
0023:  BTFSC  03.2
0024:  GOTO   02F
0025:  XORLW  03
0026:  BTFSC  03.2
0027:  GOTO   034
0028:  GOTO   03B
.................... 			case 0: if(botao==1){esteira=1;estado=1;} 
0029:  BTFSS  07.0
002A:  GOTO   02E
002B:  BSF    08.0
002C:  MOVLW  01
002D:  MOVWF  21
.................... 			break; 
002E:  GOTO   03B
.................... 			case 1: if(s1==1){estado=2;} 
002F:  BTFSS  07.1
0030:  GOTO   033
0031:  MOVLW  02
0032:  MOVWF  21
.................... 			break; 
0033:  GOTO   03B
.................... 			case 2: esteira=0; r=1; if(s2==1){r=0; estado=0;} 
0034:  BCF    08.0
0035:  BSF    08.1
0036:  BTFSS  07.2
0037:  GOTO   03A
0038:  BCF    08.1
0039:  CLRF   21
.................... 			break; 
003A:  GOTO   03B
.................... 		} 
.................... 	} 
003B:  GOTO   01F
.................... } 
003C:  SLEEP

Configuration Fuses:
   Word  1: 3F71   XT NOWDT PUT NODEBUG NOPROTECT BROWNOUT NOLVP NOCPD NOWRT
