
ROM used: 90 (1%)
          90 (1%) including unused fragments

          0 Average locations per line
          2 Average locations per statement

RAM used: 8 (2%) at main() level
          8 (2%) worst case

Stack used: 1 worst case (out of 8 total available)

Lines Stmts  %   Files
----- ----- ---  -----
   44    36 100  Ex22.c
  326     0   0  ..\..\..\..\..\..\..\..\Program Files (x86)\PICC\devices\16f877a.h
----- -----
  370    36 Total

Page ROM  %  RAM   Vol Diff  Functions:
---- --- --- ---   --- ----  ----------
0     77  86   2  1046  5.3  main
0      9  10   0             @goto10090

Program metrics:
    Functions               1
    Statements              36
    Comments                75
    Volume (V)              1048
    Difficilty (D)          5.3
    Effort to implement (E) 5529
    Time to implement (T)   5 minutes
    Est Delivered Bugs (B)  0
    Cyclomatic Complexity   13
    Maintainability (MI)    111

 Segment     Used  Free
-----------  ----  ----
00000-00003     4  0  
00004-007FF    86  1958  
00800-00FFF     0  2048  
01000-017FF     0  2048  
01800-01FFF     0  2048  



