
ROM used: 22 (1%)
          22 (1%) including unused fragments

          0 Average locations per line
          3 Average locations per statement

RAM used: 6 (3%) at main() level
          6 (3%) worst case

Stack used: 0 worst case (out of 7 total available)

Lines Stmts  %   Files
----- ----- ---  -----
   19     8 100  ex03.c
  222     0   0  ..\..\..\..\..\..\Program Files (x86)\PICC\devices\16f628a.h
----- -----
  241     8 Total

Page ROM  %  RAM   Vol Diff  Functions:
---- --- --- ---   --- ----  ----------
0     18  82   1   143  3.0  main

Program metrics:
    Functions               1
    Statements              8
    Comments                63
    Volume (V)              143
    Difficilty (D)          3.0
    Effort to implement (E) 433
    Time to implement (T)   0 minutes
    Est Delivered Bugs (B)  0
    Cyclomatic Complexity   1
    Maintainability (MI)    98

 Segment     Used  Free
-----------  ----  ----
00000-00003     4  0  
00004-007FF    18  2026  



