
ROM used: 95 (1%)
          95 (1%) including unused fragments

          0 Average locations per line
          2 Average locations per statement

RAM used: 8 (2%) at main() level
          8 (2%) worst case

Stack used: 1 worst case (out of 8 total available)

Lines Stmts  %   Files
----- ----- ---  -----
   56    47 100  Ex21.c
  326     0   0  ..\..\..\..\..\..\..\..\Program Files (x86)\PICC\devices\16f877a.h
----- -----
  382    47 Total

Page ROM  %  RAM   Vol Diff  Functions:
---- --- --- ---   --- ----  ----------
0     82  86   2  1230  5.4  main
0      9   9   0             @goto10102

Program metrics:
    Functions               1
    Statements              47
    Comments                75
    Volume (V)              1233
    Difficilty (D)          5.3
    Effort to implement (E) 6530
    Time to implement (T)   6 minutes
    Est Delivered Bugs (B)  0
    Cyclomatic Complexity   11
    Maintainability (MI)    107

 Segment     Used  Free
-----------  ----  ----
00000-00003     4  0  
00004-007FF    91  1953  
00800-00FFF     0  2048  
01000-017FF     0  2048  
01800-01FFF     0  2048  



