
ROM used: 239 (3%)
          239 (3%) including unused fragments

          1 Average locations per line
          4 Average locations per statement

RAM used: 15 (4%) at main() level
          16 (4%) worst case

Stack used: 1 worst case (out of 8 total available)

Lines Stmts  %   Files
----- ----- ---  -----
   90    58 100  Ex15.c
  326     0   0  ..\..\..\..\..\..\..\..\Program Files (x86)\PICC\devices\16f877a.h
----- -----
  416    58 Total

Page ROM  %  RAM   Vol Diff  Functions:
---- --- --- ---   --- ----  ----------
0     21   9   1             @delay_ms1
0    214  90  10  1999  2.6  main

Program metrics:
    Functions               1
    Statements              58
    Comments                76
    Volume (V)              2002
    Difficilty (D)          2.6
    Effort to implement (E) 5224
    Time to implement (T)   5 minutes
    Est Delivered Bugs (B)  0
    Cyclomatic Complexity   1
    Maintainability (MI)    106

 Segment     Used  Free
-----------  ----  ----
00000-00003     4  0  
00004-007FF   235  1809  
00800-00FFF     0  2048  
01000-017FF     0  2048  
01800-01FFF     0  2048  



