
ROM used: 58 (3%)
          58 (3%) including unused fragments

          0 Average locations per line
          3 Average locations per statement

RAM used: 6 (3%) at main() level
          7 (3%) worst case

Stack used: 1 worst case (out of 7 total available)

Lines Stmts  %   Files
----- ----- ---  -----
   31    20 100  ex16.c
  222     0   0  ..\..\..\..\..\..\Program Files (x86)\PICC\devices\16f628a.h
----- -----
  253    20 Total

Page ROM  %  RAM   Vol Diff  Functions:
---- --- --- ---   --- ----  ----------
0     21  36   1             @delay_ms1
0     33  57   1   381  2.8  main

Program metrics:
    Functions               1
    Statements              20
    Comments                63
    Volume (V)              383
    Difficilty (D)          2.7
    Effort to implement (E) 1048
    Time to implement (T)   1 minutes
    Est Delivered Bugs (B)  0
    Cyclomatic Complexity   1
    Maintainability (MI)    78

 Segment     Used  Free
-----------  ----  ----
00000-00003     4  0  
00004-007FF    54  1990  



