
ROM used: 125 (6%)
          125 (6%) including unused fragments

          0 Average locations per line
          5 Average locations per statement

RAM used: 6 (3%) at main() level
          7 (3%) worst case

Stack used: 1 worst case (out of 7 total available)

Lines Stmts  %   Files
----- ----- ---  -----
   42    23 100  ex02.c
  222     0   0  ..\..\..\..\..\..\Program Files (x86)\PICC\devices\16f628a.h
----- -----
  264    23 Total

Page ROM  %  RAM   Vol Diff  Functions:
---- --- --- ---   --- ----  ----------
0     21  17   1             @delay_ms1
0    100  80   1   508  2.4  main

Program metrics:
    Functions               1
    Statements              23
    Comments                66
    Volume (V)              511
    Difficilty (D)          2.3
    Effort to implement (E) 1193
    Time to implement (T)   1 minutes
    Est Delivered Bugs (B)  0
    Cyclomatic Complexity   1
    Maintainability (MI)    89

 Segment     Used  Free
-----------  ----  ----
00000-00003     4  0  
00004-007FF   121  1923  



