
ROM used: 84 (4%)
          84 (4%) including unused fragments

          0 Average locations per line
          4 Average locations per statement

RAM used: 6 (3%) at main() level
          8 (4%) worst case

Stack used: 1 worst case (out of 8 total available)

Lines Stmts  %   Files
----- ----- ---  -----
   33    22 100  Ex13.c
  222     0   0  ..\..\..\..\..\..\..\..\Program Files (x86)\PICC\devices\16f628a.h
----- -----
  255    22 Total

Page ROM  %  RAM   Vol Diff  Functions:
---- --- --- ---   --- ----  ----------
0     21  25   1             @delay_ms1
0     59  70   1   445  3.3  main

Program metrics:
    Functions               1
    Statements              22
    Comments                63
    Volume (V)              447
    Difficilty (D)          3.2
    Effort to implement (E) 1445
    Time to implement (T)   1 minutes
    Est Delivered Bugs (B)  0
    Cyclomatic Complexity   1
    Maintainability (MI)    76

 Segment     Used  Free
-----------  ----  ----
00000-00003     4  0  
00004-007FF    80  1964  



