
ROM used: 65 (3%)
          65 (3%) including unused fragments

          0 Average locations per line
          2 Average locations per statement

RAM used: 6 (3%) at main() level
          7 (3%) worst case

Stack used: 1 worst case (out of 7 total available)

Lines Stmts  %   Files
----- ----- ---  -----
   37    27 100  ex17.c
  222     0   0  ..\..\..\..\..\..\Program Files (x86)\PICC\devices\16f628a.h
----- -----
  259    27 Total

Page ROM  %  RAM   Vol Diff  Functions:
---- --- --- ---   --- ----  ----------
0     21  32   1             @delay_ms1
0     40  62   1   556  2.9  main

Program metrics:
    Functions               1
    Statements              27
    Comments                63
    Volume (V)              559
    Difficilty (D)          2.8
    Effort to implement (E) 1567
    Time to implement (T)   1 minutes
    Est Delivered Bugs (B)  0
    Cyclomatic Complexity   1
    Maintainability (MI)    71

 Segment     Used  Free
-----------  ----  ----
00000-00003     4  0  
00004-007FF    61  1983  



