CCS PCM C Compiler, Version 4.104, 5967               22-nov-17 21:13

               Filename: C:\Users\Estudo\Desktop\6 Periodo\Microcontroladores\Part 2\Exercicio c\Exaula\17.lst

               ROM used: 66 words (3%)
                         Largest free fragment is 1982
               RAM used: 6 (3%) at main() level
                         7 (3%) worst case
               Stack:    1 locations

*
0000:  MOVLW  00
0001:  MOVWF  0A
0002:  GOTO   019
0003:  NOP
.................... #include <16f628a.h> 
.................... //////// Standard Header file for the PIC16F628A device //////////////// 
.................... #device PIC16F628A 
.................... #list 
....................  
.................... #use delay (crystal = 4MHz) 
0004:  MOVLW  22
0005:  MOVWF  04
0006:  BCF    03.7
0007:  MOVF   00,W
0008:  BTFSC  03.2
0009:  GOTO   018
000A:  MOVLW  01
000B:  MOVWF  78
000C:  CLRF   77
000D:  DECFSZ 77,F
000E:  GOTO   00D
000F:  DECFSZ 78,F
0010:  GOTO   00C
0011:  MOVLW  4A
0012:  MOVWF  77
0013:  DECFSZ 77,F
0014:  GOTO   013
0015:  GOTO   016
0016:  DECFSZ 00,F
0017:  GOTO   00A
0018:  GOTO   039 (RETURN)
.................... #fuses xt, nowdt 
.................... #byte porta = 0x05 
.................... #byte portb = 0x06 
.................... #bit s1 = porta.0 
.................... #bit s2 = porta.1 
.................... #bit s3 = porta.2 
.................... #bit s4 = porta.3 
.................... #bit v1 = portb.0 
.................... #bit v2 = portb.1 
.................... #bit v3 = portb.2 
.................... #bit motor = portb.3 
.................... #bit v4 = portb.4 
....................  
.................... main(){ 
0019:  CLRF   04
001A:  BCF    03.7
001B:  MOVLW  1F
001C:  ANDWF  03,F
001D:  MOVLW  07
001E:  MOVWF  1F
.................... 	set_tris_a(0b11111111); 
001F:  MOVLW  FF
0020:  TRIS   5
.................... 	set_tris_b(0b00000000); 
0021:  MOVLW  00
0022:  TRIS   6
.................... 	 
.................... 	v2=0;v3=0;v4=0;motor=0; 
0023:  BCF    06.1
0024:  BCF    06.2
0025:  BCF    06.4
0026:  BCF    06.3
.................... 	 
.................... 	while(1){ 
.................... 		v1 = 1; 
0027:  BSF    06.0
.................... 		while(s3==0); 
0028:  BTFSS  05.2
0029:  GOTO   028
.................... 		v1 = 0; v2 = 1; 
002A:  BCF    06.0
002B:  BSF    06.1
.................... 		while(s2==0); 
002C:  BTFSS  05.1
002D:  GOTO   02C
.................... 		v2 = 0;v3 = 1; 
002E:  BCF    06.1
002F:  BSF    06.2
.................... 		while(s1==0); 
0030:  BTFSS  05.0
0031:  GOTO   030
.................... 		v3=0;motor=1; 
0032:  BCF    06.2
0033:  BSF    06.3
.................... 		delay_ms(5000); 
0034:  MOVLW  14
0035:  MOVWF  21
0036:  MOVLW  FA
0037:  MOVWF  22
0038:  GOTO   004
0039:  DECFSZ 21,F
003A:  GOTO   036
.................... 		motor = 0;v4 = 1; 
003B:  BCF    06.3
003C:  BSF    06.4
.................... 		while(s4==0); 
003D:  BTFSS  05.3
003E:  GOTO   03D
.................... 		v4=0; 
003F:  BCF    06.4
.................... 	} 
0040:  GOTO   027
....................  
.................... } 
0041:  SLEEP

Configuration Fuses:
   Word  1: 3F61   XT NOWDT PUT NOPROTECT BROWNOUT MCLR NOLVP NOCPD
